2024-09-21 14:40:40,556 | ERROR | 'time_step'
2024-09-21 14:40:45,186 | ERROR | 'time_step'
2024-09-21 14:42:17,666 | ERROR | 'time_step'
2024-09-21 14:42:32,934 | ERROR | 'time_step'
2024-09-21 14:45:23,074 | ERROR | 'time_step'
2024-09-21 14:46:26,840 | ERROR | 'time_step'
2024-09-21 14:53:31,073 | ERROR | 'time_step'
2024-09-21 15:01:16,597 | ERROR | 'time_step'
2024-09-21 15:01:34,787 | ERROR | 'time_step'
2024-09-21 16:57:37,937 | ERROR | 'time_step'
2024-09-21 16:57:49,153 | ERROR | 'time_step'
2024-09-21 16:58:06,768 | ERROR | 'time_step'
2024-09-21 16:58:24,729 | ERROR | 'time_step'
2024-09-21 16:58:32,130 | ERROR | 'time_step'
2024-09-21 18:40:07,166 | ERROR | Constraint 2 has been violated.
2024-09-21 18:40:37,166 | ERROR | Constraint 2 has been violated.
2024-09-21 18:40:58,664 | ERROR | Constraint 2 has been violated.
2024-09-21 18:47:18,441 | ERROR | Constraint 2 has been violated.
2024-09-21 18:54:51,796 | ERROR | Constraint 2 has been violated.
2024-09-21 20:37:54,406 | ERROR | Constraint 2 has been violated.
2024-09-21 20:58:55,583 | ERROR | Constraint 2 has been violated.
2024-09-21 21:00:27,858 | ERROR | Constraint 2 has been violated.
2024-09-21 21:19:02,845 | ERROR | 'time_step'
2024-09-21 21:19:15,931 | ERROR | 'time_step'
2024-09-21 21:20:34,765 | ERROR | 'time_step'
2024-09-21 21:31:41,651 | ERROR | Please check the price strategy solution format.
2024-09-22 00:56:21,860 | ERROR | Please check the solution format.
2024-09-22 00:56:32,711 | ERROR | Please check the solution format.
2024-09-22 00:57:22,841 | ERROR | Please check the solution format.
2024-09-22 00:57:53,141 | ERROR | Please check the solution format.
2024-09-22 00:58:29,128 | ERROR | Please check the solution format.
2024-09-22 04:09:17,867 | ERROR | "None of [Index(['1880d49e-38fb-4721-87ed-7847ab8eb18f'], dtype='object', name='server_id')] are in the [index]"
2024-09-22 08:32:42,818 | ERROR | "None of [Index(['1880d49e-38fb-4721-87ed-7847ab8eb18f'], dtype='object', name='server_id')] are in the [index]"
2024-09-22 08:34:20,468 | ERROR | "None of [Index(['1880d49e-38fb-4721-87ed-7847ab8eb18f'], dtype='object', name='server_id')] are in the [index]"
2024-09-22 08:35:37,868 | ERROR | "None of [Index(['1880d49e-38fb-4721-87ed-7847ab8eb18f'], dtype='object', name='server_id')] are in the [index]"
2024-09-22 08:36:19,713 | ERROR | "None of [Index(['1880d49e-38fb-4721-87ed-7847ab8eb18f'], dtype='object', name='server_id')] are in the [index]"
2024-09-22 08:37:30,452 | ERROR | "None of [Index(['1880d49e-38fb-4721-87ed-7847ab8eb18f'], dtype='object', name='server_id')] are in the [index]"
2024-09-22 08:40:22,440 | ERROR | "None of [Index(['1880d49e-38fb-4721-87ed-7847ab8eb18f'], dtype='object', name='server_id')] are in the [index]"
2024-09-22 08:40:51,001 | ERROR | "None of [Index(['1880d49e-38fb-4721-87ed-7847ab8eb18f'], dtype='object', name='server_id')] are in the [index]"
2024-09-22 08:41:42,978 | ERROR | "None of [Index(['1880d49e-38fb-4721-87ed-7847ab8eb18f'], dtype='object', name='server_id')] are in the [index]"
2024-09-22 08:44:55,402 | ERROR | "None of [Index(['1880d49e-38fb-4721-87ed-7847ab8eb18f'], dtype='object', name='server_id')] are in the [index]"
2024-09-22 08:45:29,749 | ERROR | "None of [Index(['1880d49e-38fb-4721-87ed-7847ab8eb18f'], dtype='object', name='server_id')] are in the [index]"
